android/build/intermediates/manifest_merge_blame_file/debug/manifest-merger-blame-debug-report.txt
1<?xml version="1.0" encoding="utf-8"?>
2<manifest xmlns:android="http://schemas.android.com/apk/res/android"
3    package="com.danielr18.irmanager" >
4
5    <uses-sdk
6        android:minSdkVersion="21"
6-->src/main/AndroidManifest.xml
7        android:targetSdkVersion="33" />
7-->src/main/AndroidManifest.xml
8
9    <uses-permission android:name="android.permission.TRANSMIT_IR" />
9-->src/main/AndroidManifest.xml:3:5-70
9-->src/main/AndroidManifest.xml:3:22-67
10
11</manifest>